<?xml version="1.0" encoding="UTF-8"?>
<testsuite xmlns:xsi="http://www.w3.org/2001/XMLSchema-instance" xsi:noNamespaceSchemaLocation="https://maven.apache.org/surefire/maven-surefire-plugin/xsd/surefire-test-report-3.0.xsd" version="3.0" name="TestSuite" time="136.307" tests="2" errors="0" skipped="0" failures="0">
  <properties>
    <property name="java.specification.version" value="17"/>
    <property name="sun.cpu.isalist" value="amd64"/>
    <property name="sun.jnu.encoding" value="Cp1252"/>
    <property name="java.class.path" value="C:\Users\InfoBahn\eclipse-workspace\JobSityAutomation\target\test-classes;C:\Users\InfoBahn\eclipse-workspace\JobSityAutomation\target\classes;C:\Users\InfoBahn\.m2\repository\org\seleniumhq\selenium\selenium-java\4.16.0\selenium-java-4.16.0.jar;C:\Users\InfoBahn\.m2\repository\org\seleniumhq\selenium\selenium-api\4.16.0\selenium-api-4.16.0.jar;C:\Users\InfoBahn\.m2\repository\org\seleniumhq\selenium\selenium-chrome-driver\4.16.0\selenium-chrome-driver-4.16.0.jar;C:\Users\InfoBahn\.m2\repository\com\google\auto\service\auto-service-annotations\1.1.1\auto-service-annotations-1.1.1.jar;C:\Users\InfoBahn\.m2\repository\org\seleniumhq\selenium\selenium-chromium-driver\4.16.0\selenium-chromium-driver-4.16.0.jar;C:\Users\InfoBahn\.m2\repository\org\seleniumhq\selenium\selenium-json\4.16.0\selenium-json-4.16.0.jar;C:\Users\InfoBahn\.m2\repository\org\seleniumhq\selenium\selenium-manager\4.16.0\selenium-manager-4.16.0.jar;C:\Users\InfoBahn\.m2\repository\org\seleniumhq\selenium\selenium-devtools-v118\4.16.0\selenium-devtools-v118-4.16.0.jar;C:\Users\InfoBahn\.m2\repository\org\seleniumhq\selenium\selenium-devtools-v119\4.16.0\selenium-devtools-v119-4.16.0.jar;C:\Users\InfoBahn\.m2\repository\org\seleniumhq\selenium\selenium-devtools-v120\4.16.0\selenium-devtools-v120-4.16.0.jar;C:\Users\InfoBahn\.m2\repository\org\seleniumhq\selenium\selenium-devtools-v85\4.16.0\selenium-devtools-v85-4.16.0.jar;C:\Users\InfoBahn\.m2\repository\org\seleniumhq\selenium\selenium-edge-driver\4.16.0\selenium-edge-driver-4.16.0.jar;C:\Users\InfoBahn\.m2\repository\org\seleniumhq\selenium\selenium-firefox-driver\4.16.0\selenium-firefox-driver-4.16.0.jar;C:\Users\InfoBahn\.m2\repository\org\seleniumhq\selenium\selenium-http\4.16.0\selenium-http-4.16.0.jar;C:\Users\InfoBahn\.m2\repository\dev\failsafe\failsafe\3.3.2\failsafe-3.3.2.jar;C:\Users\InfoBahn\.m2\repository\org\seleniumhq\selenium\selenium-ie-driver\4.16.0\selenium-ie-driver-4.16.0.jar;C:\Users\InfoBahn\.m2\repository\org\seleniumhq\selenium\selenium-remote-driver\4.16.0\selenium-remote-driver-4.16.0.jar;C:\Users\InfoBahn\.m2\repository\com\google\guava\guava\32.1.2-jre\guava-32.1.2-jre.jar;C:\Users\InfoBahn\.m2\repository\com\google\guava\failureaccess\1.0.1\failureaccess-1.0.1.jar;C:\Users\InfoBahn\.m2\repository\com\google\guava\listenablefuture\9999.0-empty-to-avoid-conflict-with-guava\listenablefuture-9999.0-empty-to-avoid-conflict-with-guava.jar;C:\Users\InfoBahn\.m2\repository\com\google\errorprone\error_prone_annotations\2.18.0\error_prone_annotations-2.18.0.jar;C:\Users\InfoBahn\.m2\repository\com\google\j2objc\j2objc-annotations\2.8\j2objc-annotations-2.8.jar;C:\Users\InfoBahn\.m2\repository\io\opentelemetry\opentelemetry-api\1.28.0\opentelemetry-api-1.28.0.jar;C:\Users\InfoBahn\.m2\repository\io\opentelemetry\opentelemetry-context\1.28.0\opentelemetry-context-1.28.0.jar;C:\Users\InfoBahn\.m2\repository\io\opentelemetry\opentelemetry-exporter-logging\1.28.0\opentelemetry-exporter-logging-1.28.0.jar;C:\Users\InfoBahn\.m2\repository\io\opentelemetry\opentelemetry-sdk-metrics\1.28.0\opentelemetry-sdk-metrics-1.28.0.jar;C:\Users\InfoBahn\.m2\repository\io\opentelemetry\opentelemetry-extension-incubator\1.28.0-alpha\opentelemetry-extension-incubator-1.28.0-alpha.jar;C:\Users\InfoBahn\.m2\repository\io\opentelemetry\opentelemetry-sdk-logs\1.28.0\opentelemetry-sdk-logs-1.28.0.jar;C:\Users\InfoBahn\.m2\repository\io\opentelemetry\opentelemetry-sdk-common\1.28.0\opentelemetry-sdk-common-1.28.0.jar;C:\Users\InfoBahn\.m2\repository\io\opentelemetry\opentelemetry-sdk-extension-autoconfigure-spi\1.28.0\opentelemetry-sdk-extension-autoconfigure-spi-1.28.0.jar;C:\Users\InfoBahn\.m2\repository\io\opentelemetry\opentelemetry-sdk-extension-autoconfigure\1.28.0\opentelemetry-sdk-extension-autoconfigure-1.28.0.jar;C:\Users\InfoBahn\.m2\repository\io\opentelemetry\opentelemetry-api-events\1.28.0-alpha\opentelemetry-api-events-1.28.0-alpha.jar;C:\Users\InfoBahn\.m2\repository\io\opentelemetry\opentelemetry-sdk-trace\1.28.0\opentelemetry-sdk-trace-1.28.0.jar;C:\Users\InfoBahn\.m2\repository\io\opentelemetry\opentelemetry-sdk\1.28.0\opentelemetry-sdk-1.28.0.jar;C:\Users\InfoBahn\.m2\repository\io\opentelemetry\opentelemetry-semconv\1.28.0-alpha\opentelemetry-semconv-1.28.0-alpha.jar;C:\Users\InfoBahn\.m2\repository\net\bytebuddy\byte-buddy\1.14.5\byte-buddy-1.14.5.jar;C:\Users\InfoBahn\.m2\repository\org\seleniumhq\selenium\selenium-os\4.16.0\selenium-os-4.16.0.jar;C:\Users\InfoBahn\.m2\repository\org\apache\commons\commons-exec\1.3\commons-exec-1.3.jar;C:\Users\InfoBahn\.m2\repository\org\seleniumhq\selenium\selenium-safari-driver\4.16.0\selenium-safari-driver-4.16.0.jar;C:\Users\InfoBahn\.m2\repository\org\seleniumhq\selenium\selenium-support\4.16.0\selenium-support-4.16.0.jar;C:\Users\InfoBahn\.m2\repository\com\github\javafaker\javafaker\1.0.2\javafaker-1.0.2.jar;C:\Users\InfoBahn\.m2\repository\org\yaml\snakeyaml\1.23\snakeyaml-1.23-android.jar;C:\Users\InfoBahn\.m2\repository\com\github\mifmif\generex\1.0.2\generex-1.0.2.jar;C:\Users\InfoBahn\.m2\repository\dk\brics\automaton\automaton\1.11-8\automaton-1.11-8.jar;C:\Users\InfoBahn\.m2\repository\org\apache\commons\commons-lang3\3.14.0\commons-lang3-3.14.0.jar;C:\Users\InfoBahn\.m2\repository\software\amazon\awssdk\s3\2.17.0\s3-2.17.0.jar;C:\Users\InfoBahn\.m2\repository\software\amazon\awssdk\aws-xml-protocol\2.17.0\aws-xml-protocol-2.17.0.jar;C:\Users\InfoBahn\.m2\repository\software\amazon\awssdk\aws-query-protocol\2.17.0\aws-query-protocol-2.17.0.jar;C:\Users\InfoBahn\.m2\repository\software\amazon\awssdk\protocol-core\2.17.0\protocol-core-2.17.0.jar;C:\Users\InfoBahn\.m2\repository\software\amazon\awssdk\arns\2.17.0\arns-2.17.0.jar;C:\Users\InfoBahn\.m2\repository\software\amazon\awssdk\profiles\2.17.0\profiles-2.17.0.jar;C:\Users\InfoBahn\.m2\repository\software\amazon\awssdk\sdk-core\2.17.0\sdk-core-2.17.0.jar;C:\Users\InfoBahn\.m2\repository\org\reactivestreams\reactive-streams\1.0.3\reactive-streams-1.0.3.jar;C:\Users\InfoBahn\.m2\repository\software\amazon\awssdk\auth\2.17.0\auth-2.17.0.jar;C:\Users\InfoBahn\.m2\repository\software\amazon\awssdk\json-utils\2.17.0\json-utils-2.17.0.jar;C:\Users\InfoBahn\.m2\repository\software\amazon\awssdk\third-party-jackson-core\2.17.0\third-party-jackson-core-2.17.0.jar;C:\Users\InfoBahn\.m2\repository\software\amazon\eventstream\eventstream\1.0.1\eventstream-1.0.1.jar;C:\Users\InfoBahn\.m2\repository\software\amazon\awssdk\http-client-spi\2.17.0\http-client-spi-2.17.0.jar;C:\Users\InfoBahn\.m2\repository\software\amazon\awssdk\regions\2.17.0\regions-2.17.0.jar;C:\Users\InfoBahn\.m2\repository\software\amazon\awssdk\annotations\2.17.0\annotations-2.17.0.jar;C:\Users\InfoBahn\.m2\repository\software\amazon\awssdk\utils\2.17.0\utils-2.17.0.jar;C:\Users\InfoBahn\.m2\repository\software\amazon\awssdk\aws-core\2.17.0\aws-core-2.17.0.jar;C:\Users\InfoBahn\.m2\repository\software\amazon\awssdk\metrics-spi\2.17.0\metrics-spi-2.17.0.jar;C:\Users\InfoBahn\.m2\repository\software\amazon\awssdk\apache-client\2.17.0\apache-client-2.17.0.jar;C:\Users\InfoBahn\.m2\repository\org\apache\httpcomponents\httpcore\4.4.11\httpcore-4.4.11.jar;C:\Users\InfoBahn\.m2\repository\software\amazon\awssdk\netty-nio-client\2.17.0\netty-nio-client-2.17.0.jar;C:\Users\InfoBahn\.m2\repository\io\netty\netty-codec-http\4.1.63.Final\netty-codec-http-4.1.63.Final.jar;C:\Users\InfoBahn\.m2\repository\io\netty\netty-codec-http2\4.1.63.Final\netty-codec-http2-4.1.63.Final.jar;C:\Users\InfoBahn\.m2\repository\io\netty\netty-codec\4.1.63.Final\netty-codec-4.1.63.Final.jar;C:\Users\InfoBahn\.m2\repository\io\netty\netty-transport\4.1.63.Final\netty-transport-4.1.63.Final.jar;C:\Users\InfoBahn\.m2\repository\io\netty\netty-resolver\4.1.63.Final\netty-resolver-4.1.63.Final.jar;C:\Users\InfoBahn\.m2\repository\io\netty\netty-common\4.1.63.Final\netty-common-4.1.63.Final.jar;C:\Users\InfoBahn\.m2\repository\io\netty\netty-buffer\4.1.63.Final\netty-buffer-4.1.63.Final.jar;C:\Users\InfoBahn\.m2\repository\io\netty\netty-handler\4.1.63.Final\netty-handler-4.1.63.Final.jar;C:\Users\InfoBahn\.m2\repository\io\netty\netty-transport-native-epoll\4.1.63.Final\netty-transport-native-epoll-4.1.63.Final-linux-x86_64.jar;C:\Users\InfoBahn\.m2\repository\io\netty\netty-transport-native-unix-common\4.1.63.Final\netty-transport-native-unix-common-4.1.63.Final.jar;C:\Users\InfoBahn\.m2\repository\com\typesafe\netty\netty-reactive-streams-http\2.0.5\netty-reactive-streams-http-2.0.5.jar;C:\Users\InfoBahn\.m2\repository\com\typesafe\netty\netty-reactive-streams\2.0.5\netty-reactive-streams-2.0.5.jar;C:\Users\InfoBahn\.m2\repository\org\postgresql\postgresql\42.7.3\postgresql-42.7.3.jar;C:\Users\InfoBahn\.m2\repository\org\checkerframework\checker-qual\3.42.0\checker-qual-3.42.0.jar;C:\Users\InfoBahn\.m2\repository\org\testng\testng\7.10.0\testng-7.10.0.jar;C:\Users\InfoBahn\.m2\repository\org\slf4j\slf4j-api\1.7.36\slf4j-api-1.7.36.jar;C:\Users\InfoBahn\.m2\repository\com\beust\jcommander\1.82\jcommander-1.82.jar;C:\Users\InfoBahn\.m2\repository\org\webjars\jquery\3.7.1\jquery-3.7.1.jar;C:\Users\InfoBahn\.m2\repository\org\apache\commons\commons-email\1.5\commons-email-1.5.jar;C:\Users\InfoBahn\.m2\repository\commons-io\commons-io\2.14.0\commons-io-2.14.0.jar;C:\Users\InfoBahn\.m2\repository\io\rest-assured\rest-assured\5.3.2\rest-assured-5.3.2.jar;C:\Users\InfoBahn\.m2\repository\org\apache\groovy\groovy\4.0.11\groovy-4.0.11.jar;C:\Users\InfoBahn\.m2\repository\org\apache\groovy\groovy-xml\4.0.11\groovy-xml-4.0.11.jar;C:\Users\InfoBahn\.m2\repository\org\apache\httpcomponents\httpclient\4.5.13\httpclient-4.5.13.jar;C:\Users\InfoBahn\.m2\repository\org\apache\httpcomponents\httpmime\4.5.13\httpmime-4.5.13.jar;C:\Users\InfoBahn\.m2\repository\org\hamcrest\hamcrest\2.2\hamcrest-2.2.jar;C:\Users\InfoBahn\.m2\repository\org\ccil\cowan\tagsoup\tagsoup\1.2.1\tagsoup-1.2.1.jar;C:\Users\InfoBahn\.m2\repository\io\rest-assured\json-path\5.3.2\json-path-5.3.2.jar;C:\Users\InfoBahn\.m2\repository\org\apache\groovy\groovy-json\4.0.11\groovy-json-4.0.11.jar;C:\Users\InfoBahn\.m2\repository\io\rest-assured\rest-assured-common\5.3.2\rest-assured-common-5.3.2.jar;C:\Users\InfoBahn\.m2\repository\io\rest-assured\xml-path\5.3.2\xml-path-5.3.2.jar;C:\Users\InfoBahn\.m2\repository\org\slf4j\slf4j-reload4j\2.0.9\slf4j-reload4j-2.0.9.jar;C:\Users\InfoBahn\.m2\repository\ch\qos\reload4j\reload4j\1.2.22\reload4j-1.2.22.jar;C:\Users\InfoBahn\.m2\repository\org\awaitility\awaitility\4.2.0\awaitility-4.2.0.jar;C:\Users\InfoBahn\.m2\repository\br\com\six2six\fixture-factory\3.1.0\fixture-factory-3.1.0.jar;C:\Users\InfoBahn\.m2\repository\commons-beanutils\commons-beanutils\1.8.3\commons-beanutils-1.8.3.jar;C:\Users\InfoBahn\.m2\repository\commons-lang\commons-lang\2.6\commons-lang-2.6.jar;C:\Users\InfoBahn\.m2\repository\br\com\six2six\bfgex\1.1.1\bfgex-1.1.1.jar;C:\Users\InfoBahn\.m2\repository\org\apache\commons\commons-math\2.2\commons-math-2.2.jar;C:\Users\InfoBahn\.m2\repository\com\rubiconproject\oss\jchronic\0.2.6\jchronic-0.2.6.jar;C:\Users\InfoBahn\.m2\repository\junit\junit\4.8.1\junit-4.8.1.jar;C:\Users\InfoBahn\.m2\repository\com\thoughtworks\paranamer\paranamer\2.5\paranamer-2.5.jar;C:\Users\InfoBahn\.m2\repository\net\vidageek\mirror\1.6.1\mirror-1.6.1.jar;C:\Users\InfoBahn\.m2\repository\org\reflections\reflections\0.10.2\reflections-0.10.2.jar;C:\Users\InfoBahn\.m2\repository\org\javassist\javassist\3.28.0-GA\javassist-3.28.0-GA.jar;C:\Users\InfoBahn\.m2\repository\com\google\code\findbugs\jsr305\3.0.2\jsr305-3.0.2.jar;C:\Users\InfoBahn\.m2\repository\io\appium\java-client\9.0.0\java-client-9.0.0.jar;C:\Users\InfoBahn\.m2\repository\com\google\code\gson\gson\2.10.1\gson-2.10.1.jar;C:\Users\InfoBahn\.m2\repository\org\aeonbits\owner\owner\1.0.12\owner-1.0.12.jar;C:\Users\InfoBahn\.m2\repository\org\projectlombok\lombok\1.18.36\lombok-1.18.36.jar;C:\Users\InfoBahn\.m2\repository\com\fasterxml\jackson\core\jackson-databind\2.15.2\jackson-databind-2.15.2.jar;C:\Users\InfoBahn\.m2\repository\com\fasterxml\jackson\core\jackson-annotations\2.15.2\jackson-annotations-2.15.2.jar;C:\Users\InfoBahn\.m2\repository\com\fasterxml\jackson\core\jackson-core\2.15.2\jackson-core-2.15.2.jar;C:\Users\InfoBahn\.m2\repository\com\aventstack\extentreports\5.1.1\extentreports-5.1.1.jar;C:\Users\InfoBahn\.m2\repository\io\reactivex\rxjava3\rxjava\3.1.6\rxjava-3.1.6.jar;C:\Users\InfoBahn\.m2\repository\org\freemarker\freemarker\2.3.32\freemarker-2.3.32.jar;C:\Users\InfoBahn\.m2\repository\com\opencsv\opencsv\5.8\opencsv-5.8.jar;C:\Users\InfoBahn\.m2\repository\org\apache\commons\commons-text\1.10.0\commons-text-1.10.0.jar;C:\Users\InfoBahn\.m2\repository\org\apache\commons\commons-collections4\4.4\commons-collections4-4.4.jar;C:\Users\InfoBahn\.m2\repository\commons-codec\commons-codec\1.9\commons-codec-1.9.jar;C:\Users\InfoBahn\.m2\repository\io\github\sskorol\test-data-supplier\2.3.0\test-data-supplier-2.3.0.jar;C:\Users\InfoBahn\.m2\repository\org\jooq\joor\0.9.14\joor-0.9.14.jar;C:\Users\InfoBahn\.m2\repository\one\util\streamex\0.8.1\streamex-0.8.1.jar;C:\Users\InfoBahn\.m2\repository\io\vavr\vavr\0.10.4\vavr-0.10.4.jar;C:\Users\InfoBahn\.m2\repository\io\vavr\vavr-match\0.10.4\vavr-match-0.10.4.jar;C:\Users\InfoBahn\.m2\repository\org\aspectj\aspectjrt\1.9.19\aspectjrt-1.9.19.jar;C:\Users\InfoBahn\.m2\repository\org\apache\commons\commons-csv\1.10.0\commons-csv-1.10.0.jar;C:\Users\InfoBahn\.m2\repository\com\fasterxml\jackson\dataformat\jackson-dataformat-yaml\2.15.2\jackson-dataformat-yaml-2.15.2.jar;C:\Users\InfoBahn\.m2\repository\org\apache\poi\poi\5.2.3\poi-5.2.3.jar;C:\Users\InfoBahn\.m2\repository\org\apache\commons\commons-math3\3.6.1\commons-math3-3.6.1.jar;C:\Users\InfoBahn\.m2\repository\com\zaxxer\SparseBitSet\1.2\SparseBitSet-1.2.jar;C:\Users\InfoBahn\.m2\repository\org\apache\poi\poi-ooxml\5.2.3\poi-ooxml-5.2.3.jar;C:\Users\InfoBahn\.m2\repository\org\apache\poi\poi-ooxml-lite\5.2.3\poi-ooxml-lite-5.2.3.jar;C:\Users\InfoBahn\.m2\repository\org\apache\xmlbeans\xmlbeans\5.1.1\xmlbeans-5.1.1.jar;C:\Users\InfoBahn\.m2\repository\org\apache\commons\commons-compress\1.21\commons-compress-1.21.jar;C:\Users\InfoBahn\.m2\repository\com\github\virtuald\curvesapi\1.07\curvesapi-1.07.jar;C:\Users\InfoBahn\.m2\repository\org\assertj\assertj-core\3.24.2\assertj-core-3.24.2.jar;C:\Users\InfoBahn\.m2\repository\org\yaml\snakeyaml\2.0\snakeyaml-2.0.jar;C:\Users\InfoBahn\.m2\repository\commons-logging\commons-logging\1.2\commons-logging-1.2.jar;C:\Users\InfoBahn\.m2\repository\log4j\log4j\1.2.17\log4j-1.2.17.jar;C:\Users\InfoBahn\.m2\repository\org\jsoup\jsoup\1.17.2\jsoup-1.17.2.jar;C:\Users\InfoBahn\.m2\repository\com\github\stephenc\monte\monte-screen-recorder\0.7.7.0\monte-screen-recorder-0.7.7.0.jar;C:\Users\InfoBahn\.m2\repository\javax\xml\bind\jaxb-api\2.3.1\jaxb-api-2.3.1.jar;C:\Users\InfoBahn\.m2\repository\javax\activation\javax.activation-api\1.2.0\javax.activation-api-1.2.0.jar;C:\Users\InfoBahn\.m2\repository\org\json\json\20211205\json-20211205.jar;C:\Users\InfoBahn\.m2\repository\org\apache\logging\log4j\log4j-core\2.17.1\log4j-core-2.17.1.jar;C:\Users\InfoBahn\.m2\repository\org\apache\logging\log4j\log4j-api\2.17.1\log4j-api-2.17.1.jar;C:\Users\InfoBahn\.m2\repository\com\googlecode\json-simple\json-simple\1.1\json-simple-1.1.jar;C:\Users\InfoBahn\.m2\repository\com\thoughtworks\xstream\xstream\1.4.19\xstream-1.4.19.jar;C:\Users\InfoBahn\.m2\repository\io\github\x-stream\mxparser\1.2.2\mxparser-1.2.2.jar;C:\Users\InfoBahn\.m2\repository\xmlpull\xmlpull\1.1.3.1\xmlpull-1.1.3.1.jar;C:\Users\InfoBahn\.m2\repository\com\sun\mail\javax.mail\1.6.2\javax.mail-1.6.2.jar;C:\Users\InfoBahn\.m2\repository\javax\activation\activation\1.1\activation-1.1.jar;C:\Users\InfoBahn\.m2\repository\com\google\api-client\google-api-client\1.23.0\google-api-client-1.23.0.jar;C:\Users\InfoBahn\.m2\repository\com\google\oauth-client\google-oauth-client\1.23.0\google-oauth-client-1.23.0.jar;C:\Users\InfoBahn\.m2\repository\com\google\http-client\google-http-client\1.23.0\google-http-client-1.23.0.jar;C:\Users\InfoBahn\.m2\repository\com\google\http-client\google-http-client-jackson2\1.23.0\google-http-client-jackson2-1.23.0.jar;C:\Users\InfoBahn\.m2\repository\com\google\guava\guava-jdk5\17.0\guava-jdk5-17.0.jar;C:\Users\InfoBahn\.m2\repository\com\google\oauth-client\google-oauth-client-jetty\1.23.0\google-oauth-client-jetty-1.23.0.jar;C:\Users\InfoBahn\.m2\repository\com\google\oauth-client\google-oauth-client-java6\1.23.0\google-oauth-client-java6-1.23.0.jar;C:\Users\InfoBahn\.m2\repository\org\mortbay\jetty\jetty\6.1.26\jetty-6.1.26.jar;C:\Users\InfoBahn\.m2\repository\org\mortbay\jetty\jetty-util\6.1.26\jetty-util-6.1.26.jar;C:\Users\InfoBahn\.m2\repository\org\mortbay\jetty\servlet-api\2.5-20081211\servlet-api-2.5-20081211.jar;C:\Users\InfoBahn\.m2\repository\com\google\apis\google-api-services-sheets\v4-rev516-1.23.0\google-api-services-sheets-v4-rev516-1.23.0.jar;C:\Users\InfoBahn\.m2\repository\io\percy\percy-java-selenium\2.0.5\percy-java-selenium-2.0.5.jar;"/>
    <property name="java.vm.vendor" value="Oracle Corporation"/>
    <property name="sun.arch.data.model" value="64"/>
    <property name="user.variant" value=""/>
    <property name="java.vendor.url" value="https://java.oracle.com/"/>
    <property name="user.timezone" value="Asia/Calcutta"/>
    <property name="browserName" value="edge"/>
    <property name="os.name" value="Windows 11"/>
    <property name="java.vm.specification.version" value="17"/>
    <property name="sun.java.launcher" value="SUN_STANDARD"/>
    <property name="user.country" value="US"/>
    <property name="sun.boot.library.path" value="C:\Program Files\Java\jdk-17\bin"/>
    <property name="sun.java.command" value="C:\Users\InfoBahn\AppData\Local\Temp\surefire17998566121929959585\surefirebooter-20250414154410129_3.jar C:\Users\InfoBahn\AppData\Local\Temp\surefire17998566121929959585 2025-04-14T15-44-10_007-jvmRun1 surefire-20250414154410129_1tmp surefire_0-20250414154410129_2tmp"/>
    <property name="jdk.debug" value="release"/>
    <property name="surefire.test.class.path" value="C:\Users\InfoBahn\eclipse-workspace\JobSityAutomation\target\test-classes;C:\Users\InfoBahn\eclipse-workspace\JobSityAutomation\target\classes;C:\Users\InfoBahn\.m2\repository\org\seleniumhq\selenium\selenium-java\4.16.0\selenium-java-4.16.0.jar;C:\Users\InfoBahn\.m2\repository\org\seleniumhq\selenium\selenium-api\4.16.0\selenium-api-4.16.0.jar;C:\Users\InfoBahn\.m2\repository\org\seleniumhq\selenium\selenium-chrome-driver\4.16.0\selenium-chrome-driver-4.16.0.jar;C:\Users\InfoBahn\.m2\repository\com\google\auto\service\auto-service-annotations\1.1.1\auto-service-annotations-1.1.1.jar;C:\Users\InfoBahn\.m2\repository\org\seleniumhq\selenium\selenium-chromium-driver\4.16.0\selenium-chromium-driver-4.16.0.jar;C:\Users\InfoBahn\.m2\repository\org\seleniumhq\selenium\selenium-json\4.16.0\selenium-json-4.16.0.jar;C:\Users\InfoBahn\.m2\repository\org\seleniumhq\selenium\selenium-manager\4.16.0\selenium-manager-4.16.0.jar;C:\Users\InfoBahn\.m2\repository\org\seleniumhq\selenium\selenium-devtools-v118\4.16.0\selenium-devtools-v118-4.16.0.jar;C:\Users\InfoBahn\.m2\repository\org\seleniumhq\selenium\selenium-devtools-v119\4.16.0\selenium-devtools-v119-4.16.0.jar;C:\Users\InfoBahn\.m2\repository\org\seleniumhq\selenium\selenium-devtools-v120\4.16.0\selenium-devtools-v120-4.16.0.jar;C:\Users\InfoBahn\.m2\repository\org\seleniumhq\selenium\selenium-devtools-v85\4.16.0\selenium-devtools-v85-4.16.0.jar;C:\Users\InfoBahn\.m2\repository\org\seleniumhq\selenium\selenium-edge-driver\4.16.0\selenium-edge-driver-4.16.0.jar;C:\Users\InfoBahn\.m2\repository\org\seleniumhq\selenium\selenium-firefox-driver\4.16.0\selenium-firefox-driver-4.16.0.jar;C:\Users\InfoBahn\.m2\repository\org\seleniumhq\selenium\selenium-http\4.16.0\selenium-http-4.16.0.jar;C:\Users\InfoBahn\.m2\repository\dev\failsafe\failsafe\3.3.2\failsafe-3.3.2.jar;C:\Users\InfoBahn\.m2\repository\org\seleniumhq\selenium\selenium-ie-driver\4.16.0\selenium-ie-driver-4.16.0.jar;C:\Users\InfoBahn\.m2\repository\org\seleniumhq\selenium\selenium-remote-driver\4.16.0\selenium-remote-driver-4.16.0.jar;C:\Users\InfoBahn\.m2\repository\com\google\guava\guava\32.1.2-jre\guava-32.1.2-jre.jar;C:\Users\InfoBahn\.m2\repository\com\google\guava\failureaccess\1.0.1\failureaccess-1.0.1.jar;C:\Users\InfoBahn\.m2\repository\com\google\guava\listenablefuture\9999.0-empty-to-avoid-conflict-with-guava\listenablefuture-9999.0-empty-to-avoid-conflict-with-guava.jar;C:\Users\InfoBahn\.m2\repository\com\google\errorprone\error_prone_annotations\2.18.0\error_prone_annotations-2.18.0.jar;C:\Users\InfoBahn\.m2\repository\com\google\j2objc\j2objc-annotations\2.8\j2objc-annotations-2.8.jar;C:\Users\InfoBahn\.m2\repository\io\opentelemetry\opentelemetry-api\1.28.0\opentelemetry-api-1.28.0.jar;C:\Users\InfoBahn\.m2\repository\io\opentelemetry\opentelemetry-context\1.28.0\opentelemetry-context-1.28.0.jar;C:\Users\InfoBahn\.m2\repository\io\opentelemetry\opentelemetry-exporter-logging\1.28.0\opentelemetry-exporter-logging-1.28.0.jar;C:\Users\InfoBahn\.m2\repository\io\opentelemetry\opentelemetry-sdk-metrics\1.28.0\opentelemetry-sdk-metrics-1.28.0.jar;C:\Users\InfoBahn\.m2\repository\io\opentelemetry\opentelemetry-extension-incubator\1.28.0-alpha\opentelemetry-extension-incubator-1.28.0-alpha.jar;C:\Users\InfoBahn\.m2\repository\io\opentelemetry\opentelemetry-sdk-logs\1.28.0\opentelemetry-sdk-logs-1.28.0.jar;C:\Users\InfoBahn\.m2\repository\io\opentelemetry\opentelemetry-sdk-common\1.28.0\opentelemetry-sdk-common-1.28.0.jar;C:\Users\InfoBahn\.m2\repository\io\opentelemetry\opentelemetry-sdk-extension-autoconfigure-spi\1.28.0\opentelemetry-sdk-extension-autoconfigure-spi-1.28.0.jar;C:\Users\InfoBahn\.m2\repository\io\opentelemetry\opentelemetry-sdk-extension-autoconfigure\1.28.0\opentelemetry-sdk-extension-autoconfigure-1.28.0.jar;C:\Users\InfoBahn\.m2\repository\io\opentelemetry\opentelemetry-api-events\1.28.0-alpha\opentelemetry-api-events-1.28.0-alpha.jar;C:\Users\InfoBahn\.m2\repository\io\opentelemetry\opentelemetry-sdk-trace\1.28.0\opentelemetry-sdk-trace-1.28.0.jar;C:\Users\InfoBahn\.m2\repository\io\opentelemetry\opentelemetry-sdk\1.28.0\opentelemetry-sdk-1.28.0.jar;C:\Users\InfoBahn\.m2\repository\io\opentelemetry\opentelemetry-semconv\1.28.0-alpha\opentelemetry-semconv-1.28.0-alpha.jar;C:\Users\InfoBahn\.m2\repository\net\bytebuddy\byte-buddy\1.14.5\byte-buddy-1.14.5.jar;C:\Users\InfoBahn\.m2\repository\org\seleniumhq\selenium\selenium-os\4.16.0\selenium-os-4.16.0.jar;C:\Users\InfoBahn\.m2\repository\org\apache\commons\commons-exec\1.3\commons-exec-1.3.jar;C:\Users\InfoBahn\.m2\repository\org\seleniumhq\selenium\selenium-safari-driver\4.16.0\selenium-safari-driver-4.16.0.jar;C:\Users\InfoBahn\.m2\repository\org\seleniumhq\selenium\selenium-support\4.16.0\selenium-support-4.16.0.jar;C:\Users\InfoBahn\.m2\repository\com\github\javafaker\javafaker\1.0.2\javafaker-1.0.2.jar;C:\Users\InfoBahn\.m2\repository\org\yaml\snakeyaml\1.23\snakeyaml-1.23-android.jar;C:\Users\InfoBahn\.m2\repository\com\github\mifmif\generex\1.0.2\generex-1.0.2.jar;C:\Users\InfoBahn\.m2\repository\dk\brics\automaton\automaton\1.11-8\automaton-1.11-8.jar;C:\Users\InfoBahn\.m2\repository\org\apache\commons\commons-lang3\3.14.0\commons-lang3-3.14.0.jar;C:\Users\InfoBahn\.m2\repository\software\amazon\awssdk\s3\2.17.0\s3-2.17.0.jar;C:\Users\InfoBahn\.m2\repository\software\amazon\awssdk\aws-xml-protocol\2.17.0\aws-xml-protocol-2.17.0.jar;C:\Users\InfoBahn\.m2\repository\software\amazon\awssdk\aws-query-protocol\2.17.0\aws-query-protocol-2.17.0.jar;C:\Users\InfoBahn\.m2\repository\software\amazon\awssdk\protocol-core\2.17.0\protocol-core-2.17.0.jar;C:\Users\InfoBahn\.m2\repository\software\amazon\awssdk\arns\2.17.0\arns-2.17.0.jar;C:\Users\InfoBahn\.m2\repository\software\amazon\awssdk\profiles\2.17.0\profiles-2.17.0.jar;C:\Users\InfoBahn\.m2\repository\software\amazon\awssdk\sdk-core\2.17.0\sdk-core-2.17.0.jar;C:\Users\InfoBahn\.m2\repository\org\reactivestreams\reactive-streams\1.0.3\reactive-streams-1.0.3.jar;C:\Users\InfoBahn\.m2\repository\software\amazon\awssdk\auth\2.17.0\auth-2.17.0.jar;C:\Users\InfoBahn\.m2\repository\software\amazon\awssdk\json-utils\2.17.0\json-utils-2.17.0.jar;C:\Users\InfoBahn\.m2\repository\software\amazon\awssdk\third-party-jackson-core\2.17.0\third-party-jackson-core-2.17.0.jar;C:\Users\InfoBahn\.m2\repository\software\amazon\eventstream\eventstream\1.0.1\eventstream-1.0.1.jar;C:\Users\InfoBahn\.m2\repository\software\amazon\awssdk\http-client-spi\2.17.0\http-client-spi-2.17.0.jar;C:\Users\InfoBahn\.m2\repository\software\amazon\awssdk\regions\2.17.0\regions-2.17.0.jar;C:\Users\InfoBahn\.m2\repository\software\amazon\awssdk\annotations\2.17.0\annotations-2.17.0.jar;C:\Users\InfoBahn\.m2\repository\software\amazon\awssdk\utils\2.17.0\utils-2.17.0.jar;C:\Users\InfoBahn\.m2\repository\software\amazon\awssdk\aws-core\2.17.0\aws-core-2.17.0.jar;C:\Users\InfoBahn\.m2\repository\software\amazon\awssdk\metrics-spi\2.17.0\metrics-spi-2.17.0.jar;C:\Users\InfoBahn\.m2\repository\software\amazon\awssdk\apache-client\2.17.0\apache-client-2.17.0.jar;C:\Users\InfoBahn\.m2\repository\org\apache\httpcomponents\httpcore\4.4.11\httpcore-4.4.11.jar;C:\Users\InfoBahn\.m2\repository\software\amazon\awssdk\netty-nio-client\2.17.0\netty-nio-client-2.17.0.jar;C:\Users\InfoBahn\.m2\repository\io\netty\netty-codec-http\4.1.63.Final\netty-codec-http-4.1.63.Final.jar;C:\Users\InfoBahn\.m2\repository\io\netty\netty-codec-http2\4.1.63.Final\netty-codec-http2-4.1.63.Final.jar;C:\Users\InfoBahn\.m2\repository\io\netty\netty-codec\4.1.63.Final\netty-codec-4.1.63.Final.jar;C:\Users\InfoBahn\.m2\repository\io\netty\netty-transport\4.1.63.Final\netty-transport-4.1.63.Final.jar;C:\Users\InfoBahn\.m2\repository\io\netty\netty-resolver\4.1.63.Final\netty-resolver-4.1.63.Final.jar;C:\Users\InfoBahn\.m2\repository\io\netty\netty-common\4.1.63.Final\netty-common-4.1.63.Final.jar;C:\Users\InfoBahn\.m2\repository\io\netty\netty-buffer\4.1.63.Final\netty-buffer-4.1.63.Final.jar;C:\Users\InfoBahn\.m2\repository\io\netty\netty-handler\4.1.63.Final\netty-handler-4.1.63.Final.jar;C:\Users\InfoBahn\.m2\repository\io\netty\netty-transport-native-epoll\4.1.63.Final\netty-transport-native-epoll-4.1.63.Final-linux-x86_64.jar;C:\Users\InfoBahn\.m2\repository\io\netty\netty-transport-native-unix-common\4.1.63.Final\netty-transport-native-unix-common-4.1.63.Final.jar;C:\Users\InfoBahn\.m2\repository\com\typesafe\netty\netty-reactive-streams-http\2.0.5\netty-reactive-streams-http-2.0.5.jar;C:\Users\InfoBahn\.m2\repository\com\typesafe\netty\netty-reactive-streams\2.0.5\netty-reactive-streams-2.0.5.jar;C:\Users\InfoBahn\.m2\repository\org\postgresql\postgresql\42.7.3\postgresql-42.7.3.jar;C:\Users\InfoBahn\.m2\repository\org\checkerframework\checker-qual\3.42.0\checker-qual-3.42.0.jar;C:\Users\InfoBahn\.m2\repository\org\testng\testng\7.10.0\testng-7.10.0.jar;C:\Users\InfoBahn\.m2\repository\org\slf4j\slf4j-api\1.7.36\slf4j-api-1.7.36.jar;C:\Users\InfoBahn\.m2\repository\com\beust\jcommander\1.82\jcommander-1.82.jar;C:\Users\InfoBahn\.m2\repository\org\webjars\jquery\3.7.1\jquery-3.7.1.jar;C:\Users\InfoBahn\.m2\repository\org\apache\commons\commons-email\1.5\commons-email-1.5.jar;C:\Users\InfoBahn\.m2\repository\commons-io\commons-io\2.14.0\commons-io-2.14.0.jar;C:\Users\InfoBahn\.m2\repository\io\rest-assured\rest-assured\5.3.2\rest-assured-5.3.2.jar;C:\Users\InfoBahn\.m2\repository\org\apache\groovy\groovy\4.0.11\groovy-4.0.11.jar;C:\Users\InfoBahn\.m2\repository\org\apache\groovy\groovy-xml\4.0.11\groovy-xml-4.0.11.jar;C:\Users\InfoBahn\.m2\repository\org\apache\httpcomponents\httpclient\4.5.13\httpclient-4.5.13.jar;C:\Users\InfoBahn\.m2\repository\org\apache\httpcomponents\httpmime\4.5.13\httpmime-4.5.13.jar;C:\Users\InfoBahn\.m2\repository\org\hamcrest\hamcrest\2.2\hamcrest-2.2.jar;C:\Users\InfoBahn\.m2\repository\org\ccil\cowan\tagsoup\tagsoup\1.2.1\tagsoup-1.2.1.jar;C:\Users\InfoBahn\.m2\repository\io\rest-assured\json-path\5.3.2\json-path-5.3.2.jar;C:\Users\InfoBahn\.m2\repository\org\apache\groovy\groovy-json\4.0.11\groovy-json-4.0.11.jar;C:\Users\InfoBahn\.m2\repository\io\rest-assured\rest-assured-common\5.3.2\rest-assured-common-5.3.2.jar;C:\Users\InfoBahn\.m2\repository\io\rest-assured\xml-path\5.3.2\xml-path-5.3.2.jar;C:\Users\InfoBahn\.m2\repository\org\slf4j\slf4j-reload4j\2.0.9\slf4j-reload4j-2.0.9.jar;C:\Users\InfoBahn\.m2\repository\ch\qos\reload4j\reload4j\1.2.22\reload4j-1.2.22.jar;C:\Users\InfoBahn\.m2\repository\org\awaitility\awaitility\4.2.0\awaitility-4.2.0.jar;C:\Users\InfoBahn\.m2\repository\br\com\six2six\fixture-factory\3.1.0\fixture-factory-3.1.0.jar;C:\Users\InfoBahn\.m2\repository\commons-beanutils\commons-beanutils\1.8.3\commons-beanutils-1.8.3.jar;C:\Users\InfoBahn\.m2\repository\commons-lang\commons-lang\2.6\commons-lang-2.6.jar;C:\Users\InfoBahn\.m2\repository\br\com\six2six\bfgex\1.1.1\bfgex-1.1.1.jar;C:\Users\InfoBahn\.m2\repository\org\apache\commons\commons-math\2.2\commons-math-2.2.jar;C:\Users\InfoBahn\.m2\repository\com\rubiconproject\oss\jchronic\0.2.6\jchronic-0.2.6.jar;C:\Users\InfoBahn\.m2\repository\junit\junit\4.8.1\junit-4.8.1.jar;C:\Users\InfoBahn\.m2\repository\com\thoughtworks\paranamer\paranamer\2.5\paranamer-2.5.jar;C:\Users\InfoBahn\.m2\repository\net\vidageek\mirror\1.6.1\mirror-1.6.1.jar;C:\Users\InfoBahn\.m2\repository\org\reflections\reflections\0.10.2\reflections-0.10.2.jar;C:\Users\InfoBahn\.m2\repository\org\javassist\javassist\3.28.0-GA\javassist-3.28.0-GA.jar;C:\Users\InfoBahn\.m2\repository\com\google\code\findbugs\jsr305\3.0.2\jsr305-3.0.2.jar;C:\Users\InfoBahn\.m2\repository\io\appium\java-client\9.0.0\java-client-9.0.0.jar;C:\Users\InfoBahn\.m2\repository\com\google\code\gson\gson\2.10.1\gson-2.10.1.jar;C:\Users\InfoBahn\.m2\repository\org\aeonbits\owner\owner\1.0.12\owner-1.0.12.jar;C:\Users\InfoBahn\.m2\repository\org\projectlombok\lombok\1.18.36\lombok-1.18.36.jar;C:\Users\InfoBahn\.m2\repository\com\fasterxml\jackson\core\jackson-databind\2.15.2\jackson-databind-2.15.2.jar;C:\Users\InfoBahn\.m2\repository\com\fasterxml\jackson\core\jackson-annotations\2.15.2\jackson-annotations-2.15.2.jar;C:\Users\InfoBahn\.m2\repository\com\fasterxml\jackson\core\jackson-core\2.15.2\jackson-core-2.15.2.jar;C:\Users\InfoBahn\.m2\repository\com\aventstack\extentreports\5.1.1\extentreports-5.1.1.jar;C:\Users\InfoBahn\.m2\repository\io\reactivex\rxjava3\rxjava\3.1.6\rxjava-3.1.6.jar;C:\Users\InfoBahn\.m2\repository\org\freemarker\freemarker\2.3.32\freemarker-2.3.32.jar;C:\Users\InfoBahn\.m2\repository\com\opencsv\opencsv\5.8\opencsv-5.8.jar;C:\Users\InfoBahn\.m2\repository\org\apache\commons\commons-text\1.10.0\commons-text-1.10.0.jar;C:\Users\InfoBahn\.m2\repository\org\apache\commons\commons-collections4\4.4\commons-collections4-4.4.jar;C:\Users\InfoBahn\.m2\repository\commons-codec\commons-codec\1.9\commons-codec-1.9.jar;C:\Users\InfoBahn\.m2\repository\io\github\sskorol\test-data-supplier\2.3.0\test-data-supplier-2.3.0.jar;C:\Users\InfoBahn\.m2\repository\org\jooq\joor\0.9.14\joor-0.9.14.jar;C:\Users\InfoBahn\.m2\repository\one\util\streamex\0.8.1\streamex-0.8.1.jar;C:\Users\InfoBahn\.m2\repository\io\vavr\vavr\0.10.4\vavr-0.10.4.jar;C:\Users\InfoBahn\.m2\repository\io\vavr\vavr-match\0.10.4\vavr-match-0.10.4.jar;C:\Users\InfoBahn\.m2\repository\org\aspectj\aspectjrt\1.9.19\aspectjrt-1.9.19.jar;C:\Users\InfoBahn\.m2\repository\org\apache\commons\commons-csv\1.10.0\commons-csv-1.10.0.jar;C:\Users\InfoBahn\.m2\repository\com\fasterxml\jackson\dataformat\jackson-dataformat-yaml\2.15.2\jackson-dataformat-yaml-2.15.2.jar;C:\Users\InfoBahn\.m2\repository\org\apache\poi\poi\5.2.3\poi-5.2.3.jar;C:\Users\InfoBahn\.m2\repository\org\apache\commons\commons-math3\3.6.1\commons-math3-3.6.1.jar;C:\Users\InfoBahn\.m2\repository\com\zaxxer\SparseBitSet\1.2\SparseBitSet-1.2.jar;C:\Users\InfoBahn\.m2\repository\org\apache\poi\poi-ooxml\5.2.3\poi-ooxml-5.2.3.jar;C:\Users\InfoBahn\.m2\repository\org\apache\poi\poi-ooxml-lite\5.2.3\poi-ooxml-lite-5.2.3.jar;C:\Users\InfoBahn\.m2\repository\org\apache\xmlbeans\xmlbeans\5.1.1\xmlbeans-5.1.1.jar;C:\Users\InfoBahn\.m2\repository\org\apache\commons\commons-compress\1.21\commons-compress-1.21.jar;C:\Users\InfoBahn\.m2\repository\com\github\virtuald\curvesapi\1.07\curvesapi-1.07.jar;C:\Users\InfoBahn\.m2\repository\org\assertj\assertj-core\3.24.2\assertj-core-3.24.2.jar;C:\Users\InfoBahn\.m2\repository\org\yaml\snakeyaml\2.0\snakeyaml-2.0.jar;C:\Users\InfoBahn\.m2\repository\commons-logging\commons-logging\1.2\commons-logging-1.2.jar;C:\Users\InfoBahn\.m2\repository\log4j\log4j\1.2.17\log4j-1.2.17.jar;C:\Users\InfoBahn\.m2\repository\org\jsoup\jsoup\1.17.2\jsoup-1.17.2.jar;C:\Users\InfoBahn\.m2\repository\com\github\stephenc\monte\monte-screen-recorder\0.7.7.0\monte-screen-recorder-0.7.7.0.jar;C:\Users\InfoBahn\.m2\repository\javax\xml\bind\jaxb-api\2.3.1\jaxb-api-2.3.1.jar;C:\Users\InfoBahn\.m2\repository\javax\activation\javax.activation-api\1.2.0\javax.activation-api-1.2.0.jar;C:\Users\InfoBahn\.m2\repository\org\json\json\20211205\json-20211205.jar;C:\Users\InfoBahn\.m2\repository\org\apache\logging\log4j\log4j-core\2.17.1\log4j-core-2.17.1.jar;C:\Users\InfoBahn\.m2\repository\org\apache\logging\log4j\log4j-api\2.17.1\log4j-api-2.17.1.jar;C:\Users\InfoBahn\.m2\repository\com\googlecode\json-simple\json-simple\1.1\json-simple-1.1.jar;C:\Users\InfoBahn\.m2\repository\com\thoughtworks\xstream\xstream\1.4.19\xstream-1.4.19.jar;C:\Users\InfoBahn\.m2\repository\io\github\x-stream\mxparser\1.2.2\mxparser-1.2.2.jar;C:\Users\InfoBahn\.m2\repository\xmlpull\xmlpull\1.1.3.1\xmlpull-1.1.3.1.jar;C:\Users\InfoBahn\.m2\repository\com\sun\mail\javax.mail\1.6.2\javax.mail-1.6.2.jar;C:\Users\InfoBahn\.m2\repository\javax\activation\activation\1.1\activation-1.1.jar;C:\Users\InfoBahn\.m2\repository\com\google\api-client\google-api-client\1.23.0\google-api-client-1.23.0.jar;C:\Users\InfoBahn\.m2\repository\com\google\oauth-client\google-oauth-client\1.23.0\google-oauth-client-1.23.0.jar;C:\Users\InfoBahn\.m2\repository\com\google\http-client\google-http-client\1.23.0\google-http-client-1.23.0.jar;C:\Users\InfoBahn\.m2\repository\com\google\http-client\google-http-client-jackson2\1.23.0\google-http-client-jackson2-1.23.0.jar;C:\Users\InfoBahn\.m2\repository\com\google\guava\guava-jdk5\17.0\guava-jdk5-17.0.jar;C:\Users\InfoBahn\.m2\repository\com\google\oauth-client\google-oauth-client-jetty\1.23.0\google-oauth-client-jetty-1.23.0.jar;C:\Users\InfoBahn\.m2\repository\com\google\oauth-client\google-oauth-client-java6\1.23.0\google-oauth-client-java6-1.23.0.jar;C:\Users\InfoBahn\.m2\repository\org\mortbay\jetty\jetty\6.1.26\jetty-6.1.26.jar;C:\Users\InfoBahn\.m2\repository\org\mortbay\jetty\jetty-util\6.1.26\jetty-util-6.1.26.jar;C:\Users\InfoBahn\.m2\repository\org\mortbay\jetty\servlet-api\2.5-20081211\servlet-api-2.5-20081211.jar;C:\Users\InfoBahn\.m2\repository\com\google\apis\google-api-services-sheets\v4-rev516-1.23.0\google-api-services-sheets-v4-rev516-1.23.0.jar;C:\Users\InfoBahn\.m2\repository\io\percy\percy-java-selenium\2.0.5\percy-java-selenium-2.0.5.jar;"/>
    <property name="sun.cpu.endian" value="little"/>
    <property name="user.home" value="C:\Users\InfoBahn"/>
    <property name="user.language" value="en"/>
    <property name="java.specification.vendor" value="Oracle Corporation"/>
    <property name="java.version.date" value="2023-10-17"/>
    <property name="java.home" value="C:\Program Files\Java\jdk-17"/>
    <property name="file.separator" value="\"/>
    <property name="basedir" value="C:\Users\InfoBahn\eclipse-workspace\JobSityAutomation"/>
    <property name="java.vm.compressedOopsMode" value="Zero based"/>
    <property name="line.separator" value="&#10;"/>
    <property name="java.vm.specification.vendor" value="Oracle Corporation"/>
    <property name="java.specification.name" value="Java Platform API Specification"/>
    <property name="surefire.real.class.path" value="C:\Users\InfoBahn\AppData\Local\Temp\surefire17998566121929959585\surefirebooter-20250414154410129_3.jar"/>
    <property name="user.script" value=""/>
    <property name="sun.management.compiler" value="HotSpot 64-Bit Tiered Compilers"/>
    <property name="java.runtime.version" value="17.0.9+11-LTS-201"/>
    <property name="user.name" value="InfoBahn"/>
    <property name="path.separator" value=";"/>
    <property name="os.version" value="10.0"/>
    <property name="java.runtime.name" value="Java(TM) SE Runtime Environment"/>
    <property name="file.encoding" value="Cp1252"/>
    <property name="java.vm.name" value="Java HotSpot(TM) 64-Bit Server VM"/>
    <property name="localRepository" value="C:\Users\InfoBahn\.m2\repository"/>
    <property name="java.vendor.url.bug" value="https://bugreport.java.com/bugreport/"/>
    <property name="java.io.tmpdir" value="C:\Users\InfoBahn\AppData\Local\Temp\"/>
    <property name="java.version" value="17.0.9"/>
    <property name="user.dir" value="C:\Users\InfoBahn\eclipse-workspace\JobSityAutomation"/>
    <property name="os.arch" value="amd64"/>
    <property name="java.vm.specification.name" value="Java Virtual Machine Specification"/>
    <property name="sun.os.patch.level" value=""/>
    <property name="native.encoding" value="Cp1252"/>
    <property name="java.library.path" value="C:\Program Files\Java\jdk-17\bin;C:\WINDOWS\Sun\Java\bin;C:\WINDOWS\system32;C:\WINDOWS;C:\Program Files\Common Files\Oracle\Java\javapath;C:\WINDOWS\system32;C:\WINDOWS;C:\WINDOWS\System32\Wbem;C:\WINDOWS\System32\WindowsPowerShell\v1.0\;C:\WINDOWS\System32\OpenSSH\;C:\Program Files\Java\jdk-17\bin;C:\Program Files\nodejs\;C:\Program Files\Git\cmd;C:\Program Files\apache-maven-3.9.6\bin;C:\Program Files\nodejs\node_modules\npm\bin;C:\Users\InfoBahn\AppData\Local\Android\Sdk\tools\bin;C:\Users\InfoBahn\AppData\Local\Android\Sdk\tools;C:\Users\InfoBahn\AppData\Local\Android\Sdk\platform-tools;C:\Users\InfoBahn\AppData\Local\Programs\Python\Python36-32\;C:\Users\InfoBahn\AppData\Local\Programs\Python\Python36-32\Scripts\;;C:\Program Files\Docker\Docker\resources\bin;C:\Users\InfoBahn\AppData\Local\Programs\Python\Launcher\;C:\Program Files\MySQL\MySQL Shell 8.0\bin\;C:\Users\InfoBahn\AppData\Local\Microsoft\WindowsApps;C:\Users\InfoBahn\AppData\Roaming\npm;C:\Users\InfoBahn\AppData\Local\Programs\Microsoft VS Code\bin;."/>
    <property name="java.vm.info" value="mixed mode, sharing"/>
    <property name="java.vendor" value="Oracle Corporation"/>
    <property name="java.vm.version" value="17.0.9+11-LTS-201"/>
    <property name="sun.io.unicode.encoding" value="UnicodeLittle"/>
    <property name="java.class.version" value="61.0"/>
  </properties>
  <testcase name="verifyOrderReturnFormMsgs" classname="com.Jobsity.tests.OrderReturnTest" time="79.928">
    <system-out><![CDATA[Browser selected =EDGE
Browser selected =EDGE
Test case started = verifySignupFormErrorMsgs
**************************************
######### web ##################
Group found is Regression
Test case started = verifyOrderReturnFormMsgs
Group found is Regression
[email][empty-OrderID] => This is a required field.
Actual Error: This is a required field.
[email][empty-BillingLastName] => This is a required field.
Actual Error: This is a required field.
[email][empty-Email] => This is a required field.
[email][invalid-Email] => Please enter a valid email address (Ex: johndoe@domain.com).
Actual Error: This is a required field.
[zipCode][empty-OrderID] => This is a required field.
Actual Error: Please enter a valid email address (Ex: johndoe@domain.com).
[zipCode][empty-BillingLastName] => This is a required field.
Actual Error: This is a required field.
[zipCode][empty-ZipCode] => This is a required field.
]]></system-out>
    <system-err><![CDATA[SLF4J: Failed to load class "org.slf4j.impl.StaticLoggerBinder".
SLF4J: Defaulting to no-operation (NOP) logger implementation
SLF4J: See http://www.slf4j.org/codes.html#StaticLoggerBinder for further details.
Apr 14, 2025 3:44:18 PM org.openqa.selenium.devtools.CdpVersionFinder findNearestMatch
WARNING: Unable to find CDP implementation matching 135
Apr 14, 2025 3:44:18 PM org.openqa.selenium.chromium.ChromiumDriver lambda$new$5
WARNING: Unable to find version of CDP to use for 135.0.3179.73. You may need to include a dependency on a specific version of the CDP using something similar to `org.seleniumhq.selenium:selenium-devtools-v86:4.16.0` where the version ("v86") matches the version of the chromium-based browser you're using and the version number of the artifact is the same as Selenium's.
Apr 14, 2025 3:44:20 PM org.openqa.selenium.devtools.CdpVersionFinder findNearestMatch
WARNING: Unable to find CDP implementation matching 135
Apr 14, 2025 3:44:20 PM org.openqa.selenium.chromium.ChromiumDriver lambda$new$5
WARNING: Unable to find version of CDP to use for 135.0.3179.73. You may need to include a dependency on a specific version of the CDP using something similar to `org.seleniumhq.selenium:selenium-devtools-v86:4.16.0` where the version ("v86") matches the version of the chromium-based browser you're using and the version number of the artifact is the same as Selenium's.
]]></system-err>
  </testcase>
  <testcase name="verifySignupFormErrorMsgs[{empty-FirstName =MagnetoUser(email=webautomation25110410111@yopmail.com, password=Testing@12345, firstName=, lastName=Bret, confirmPassword=Testing@12345, errorMsg=This is a required field.), empty-LastName=MagnetoUser(email=webautomation25110411311@yopmail.com, password=Testing@12345, firstName=Kenisha, lastName=, confirmPassword=Testing@12345, errorMsg=This is a required field.), empty-Email=MagnetoUser(email=, password=Testing@12345, firstName=Tonita, lastName=Polly, confirmPassword=Testing@12345, errorMsg=This is a required field.), invalid-Email=MagnetoUser(email=abc@yopmail., password=Testing@12345, firstName=Javier, lastName=Angila, confirmPassword=Testing@12345, errorMsg=Please enter a valid email address (Ex: johndoe@domain.com).), empty-Password=MagnetoUser(email=webautomation25110419711@yopmail.com, password=, firstName=Ismael, lastName=Summer, confirmPassword=Testing@12345, errorMsg=This is a required field.), empty-ConfirmPassword=MagnetoUser(email=webautomation25110422311@yopmail.com, password=Testing@12345, firstName=Alita, lastName=Kyle, confirmPassword=, errorMsg=This is a required field.), minimum-LengthPassword=MagnetoUser(email=webautomation25110427511@yopmail.com, password=abc, firstName=Tanesha, lastName=Allen, confirmPassword=Testing@12345, errorMsg=Minimum length of this field must be equal or greater than 8 symbols. Leading and trailing spaces will be ignored.), alphaNumeric-Password=MagnetoUser(email=webautomation25110430311@yopmail.com, password=abcyy123, firstName=Eldon, lastName=Evalyn, confirmPassword=Testing@12345, errorMsg=Minimum of different classes of characters in password is 3. Classes of characters: Lower Case, Upper Case, Digits, Special Characters.)}](1)" classname="com.Jobsity.tests.SignupTest" time="125.444">
    <system-out><![CDATA[Actual Error: This is a required field.
Actual Error: Minimum length of this field must be equal or greater than 8 symbols. Leading and trailing spaces will be ignored.
Actual Error: Minimum of different classes of characters in password is 3. Classes of characters: Lower Case, Upper Case, Digits, Special Characters.
]]></system-out>
  </testcase>
</testsuite>