<?xml version="1.0" encoding="UTF-8"?>
<!-- Generated by org.testng.reporters.JUnitReportReporter -->
<testsuite hostname="DESKTOP-8C0LO3K" failures="0" tests="1" name="com.Jobsity.tests.OrderReturnTest" time="106.198" errors="0" timestamp="2025-04-17T13:37:17 IST" skipped="0">
  <testcase classname="com.Jobsity.tests.OrderReturnTest" name="verifyOrderReturnFormMsgs" time="106.198"/>
</testsuite> <!-- com.Jobsity.tests.OrderReturnTest -->
