<?xml version="1.0" encoding="UTF-8"?>
<!-- Generated by org.testng.reporters.JUnitReportReporter -->
<testsuite hostname="DESKTOP-8C0LO3K" failures="0" tests="1" name="com.Jobsity.tests.SignupTest" time="147.367" errors="0" timestamp="2025-04-14T15:37:44 IST" skipped="0">
  <testcase classname="com.Jobsity.tests.SignupTest" name="verifySignupFormErrorMsgs" time="147.367"/>
</testsuite> <!-- com.Jobsity.tests.SignupTest -->
