<?xml version="1.0" encoding="UTF-8"?>
<!-- Generated by org.testng.reporters.JUnitReportReporter -->
<testsuite hostname="DESKTOP-8C0LO3K" failures="0" tests="1" name="com.Jobsity.tests.OrderReturnTest" time="111.885" errors="0" timestamp="2025-04-17T13:42:08 IST" skipped="0">
  <testcase classname="com.Jobsity.tests.OrderReturnTest" name="verifyOrderReturnFormMsgs" time="111.885"/>
</testsuite> <!-- com.Jobsity.tests.OrderReturnTest -->
